{"numFailedTestSuites":0,"numFailedTests":0,"numPassedTestSuites":14,"numPassedTests":113,"numPendingTestSuites":0,"numPendingTests":0,"numRuntimeErrorTestSuites":0,"numTodoTests":0,"numTotalTestSuites":14,"numTotalTests":113,"openHandles":[],"snapshot":{"added":0,"didUpdate":false,"failure":false,"filesAdded":0,"filesRemoved":0,"filesRemovedList":[],"filesUnmatched":0,"filesUpdated":0,"matched":0,"total":0,"unchecked":0,"uncheckedKeysByFile":[],"unmatched":0,"updated":0},"startTime":1779910182603,"success":true,"testResults":[{"assertionResults":[{"ancestorTitles":["User Routes - Integration Tests","POST /user/register"],"duration":128,"failing":false,"failureDetails":[],"failureMessages":[],"fullName":"User Routes - Integration Tests POST /user/register devrait créer un nouvel utilisateur dans la BDD et retourner un token","invocations":1,"location":null,"numPassingAsserts":5,"retryReasons":[],"startAt":1779910185385,"status":"passed","title":"devrait créer un nouvel utilisateur dans la BDD et retourner un token"},{"ancestorTitles":["User Routes - Integration Tests","POST /user/register"],"duration":86,"failing":false,"failureDetails":[],"failureMessages":[],"fullName":"User Routes - Integration Tests POST /user/register devrait retourner une erreur si l'email existe déjà","invocations":1,"location":null,"numPassingAsserts":1,"retryReasons":[],"startAt":1779910185514,"status":"passed","title":"devrait retourner une erreur si l'email existe déjà"},{"ancestorTitles":["User Routes - Integration Tests","POST /user/login"],"duration":142,"failing":false,"failureDetails":[],"failureMessages":[],"fullName":"User Routes - Integration Tests POST /user/login devrait retourner un token si les identifiants sont corrects","invocations":1,"location":null,"numPassingAsserts":2,"retryReasons":[],"startAt":1779910185600,"status":"passed","title":"devrait retourner un token si les identifiants sont corrects"},{"ancestorTitles":["User Routes - Integration Tests","POST /user/login"],"duration":145,"failing":false,"failureDetails":[],"failureMessages":[],"fullName":"User Routes - Integration Tests POST /user/login devrait retourner une erreur si le mot de passe est incorrect","invocations":1,"location":null,"numPassingAsserts":1,"retryReasons":[],"startAt":1779910185742,"status":"passed","title":"devrait retourner une erreur si le mot de passe est incorrect"},{"ancestorTitles":["User Routes - Integration Tests","GET /user/me"],"duration":91,"failing":false,"failureDetails":[],"failureMessages":[],"fullName":"User Routes - Integration Tests GET /user/me devrait retourner les informations de l'utilisateur connecté","invocations":1,"location":null,"numPassingAsserts":4,"retryReasons":[],"startAt":1779910185887,"status":"passed","title":"devrait retourner les informations de l'utilisateur connecté"},{"ancestorTitles":["User Routes - Integration Tests","GET /user/me"],"duration":13,"failing":false,"failureDetails":[],"failureMessages":[],"fullName":"User Routes - Integration Tests GET /user/me devrait retourner 401 si aucun token n'est fourni","invocations":1,"location":null,"numPassingAsserts":1,"retryReasons":[],"startAt":1779910185979,"status":"passed","title":"devrait retourner 401 si aucun token n'est fourni"},{"ancestorTitles":["User Routes - Integration Tests","PUT /user/me"],"duration":87,"failing":false,"failureDetails":[],"failureMessages":[],"fullName":"User Routes - Integration Tests PUT /user/me devrait mettre à jour les informations de l'utilisateur sauf le mot de passe","invocations":1,"location":null,"numPassingAsserts":4,"retryReasons":[],"startAt":1779910185992,"status":"passed","title":"devrait mettre à jour les informations de l'utilisateur sauf le mot de passe"},{"ancestorTitles":["User Routes - Integration Tests","PUT /user/me"],"duration":83,"failing":false,"failureDetails":[],"failureMessages":[],"fullName":"User Routes - Integration Tests PUT /user/me devrait renvoyer 403 si l'on essaie de modifier le mot de passe","invocations":1,"location":null,"numPassingAsserts":2,"retryReasons":[],"startAt":1779910186080,"status":"passed","title":"devrait renvoyer 403 si l'on essaie de modifier le mot de passe"},{"ancestorTitles":["User Routes - Integration Tests","GET /user/search"],"duration":152,"failing":false,"failureDetails":[],"failureMessages":[],"fullName":"User Routes - Integration Tests GET /user/search devrait retourner les utilisateurs publics correspondants","invocations":1,"location":null,"numPassingAsserts":5,"retryReasons":[],"startAt":1779910186164,"status":"passed","title":"devrait retourner les utilisateurs publics correspondants"},{"ancestorTitles":["User Routes - Integration Tests","GET /user/search"],"duration":81,"failing":false,"failureDetails":[],"failureMessages":[],"fullName":"User Routes - Integration Tests GET /user/search devrait retourner 400 si q n'est pas fourni","invocations":1,"location":null,"numPassingAsserts":1,"retryReasons":[],"startAt":1779910186317,"status":"passed","title":"devrait retourner 400 si q n'est pas fourni"},{"ancestorTitles":["User Routes - Integration Tests","GET /user/id/:id"],"duration":87,"failing":false,"failureDetails":[],"failureMessages":[],"fullName":"User Routes - Integration Tests GET /user/id/:id devrait retourner les informations de l'utilisateur par id","invocations":1,"location":null,"numPassingAsserts":3,"retryReasons":[],"startAt":1779910186399,"status":"passed","title":"devrait retourner les informations de l'utilisateur par id"},{"ancestorTitles":["User Routes - Integration Tests","GET /user/id/:id"],"duration":82,"failing":false,"failureDetails":[],"failureMessages":[],"fullName":"User Routes - Integration Tests GET /user/id/:id devrait retourner 404 si l'id n'existe pas","invocations":1,"location":null,"numPassingAsserts":1,"retryReasons":[],"startAt":1779910186487,"status":"passed","title":"devrait retourner 404 si l'id n'existe pas"},{"ancestorTitles":["User Routes - Integration Tests","DELETE /user/delete/:id"],"duration":91,"failing":false,"failureDetails":[],"failureMessages":[],"fullName":"User Routes - Integration Tests DELETE /user/delete/:id devrait supprimer l'utilisateur","invocations":1,"location":null,"numPassingAsserts":3,"retryReasons":[],"startAt":1779910186569,"status":"passed","title":"devrait supprimer l'utilisateur"},{"ancestorTitles":["User Routes - Integration Tests","DELETE /user/delete/:id"],"duration":78,"failing":false,"failureDetails":[],"failureMessages":[],"fullName":"User Routes - Integration Tests DELETE /user/delete/:id devrait retourner 404 si on essaie de supprimer un id inexistant","invocations":1,"location":null,"numPassingAsserts":1,"retryReasons":[],"startAt":1779910186661,"status":"passed","title":"devrait retourner 404 si on essaie de supprimer un id inexistant"},{"ancestorTitles":["User Routes - Integration Tests","Banned user behavior"],"duration":95,"failing":false,"failureDetails":[],"failureMessages":[],"fullName":"User Routes - Integration Tests Banned user behavior ne devrait plus pouvoir se connecter ni utiliser un token existant après bannissement","invocations":1,"location":null,"numPassingAsserts":4,"retryReasons":[],"startAt":1779910186740,"status":"passed","title":"ne devrait plus pouvoir se connecter ni utiliser un token existant après bannissement"}],"endTime":1779910186844,"message":"","name":"F:\\Cours\\ProjetFinal\\radioMonoko-back\\src\\tests\\user\\user.test.ts","startTime":1779910182822,"status":"passed","summary":""},{"assertionResults":[{"ancestorTitles":["User feed API"],"duration":204,"failing":false,"failureDetails":[],"failureMessages":[],"fullName":"User feed API retourne les activités récentes des utilisateurs suivis, triées par date décroissante","invocations":1,"location":null,"numPassingAsserts":11,"retryReasons":[],"startAt":1779910187211,"status":"passed","title":"retourne les activités récentes des utilisateurs suivis, triées par date décroissante"},{"ancestorTitles":["User feed API"],"duration":91,"failing":false,"failureDetails":[],"failureMessages":[],"fullName":"User feed API retourne un feed vide si l utilisateur ne suit personne","invocations":1,"location":null,"numPassingAsserts":4,"retryReasons":[],"startAt":1779910187416,"status":"passed","title":"retourne un feed vide si l utilisateur ne suit personne"},{"ancestorTitles":["User feed API"],"duration":175,"failing":false,"failureDetails":[],"failureMessages":[],"fullName":"User feed API limite le feed à 5 activités maximum par utilisateur suivi","invocations":1,"location":null,"numPassingAsserts":6,"retryReasons":[],"startAt":1779910187508,"status":"passed","title":"limite le feed à 5 activités maximum par utilisateur suivi"},{"ancestorTitles":["User feed API"],"duration":4175,"failing":false,"failureDetails":[],"failureMessages":[],"fullName":"User feed API ne prend que 50 utilisateurs suivis au hasard si l utilisateur en suit davantage","invocations":1,"location":null,"numPassingAsserts":56,"retryReasons":[],"startAt":1779910187684,"status":"passed","title":"ne prend que 50 utilisateurs suivis au hasard si l utilisateur en suit davantage"}],"endTime":1779910191876,"message":"","name":"F:\\Cours\\ProjetFinal\\radioMonoko-back\\src\\tests\\user\\feed.test.ts","startTime":1779910186916,"status":"passed","summary":""},{"assertionResults":[{"ancestorTitles":["Report Users API"],"duration":189,"failing":false,"failureDetails":[],"failureMessages":[],"fullName":"Report Users API devrait permettre à un utilisateur authentifié de reporter un autre utilisateur","invocations":1,"location":null,"numPassingAsserts":6,"retryReasons":[],"startAt":1779910192334,"status":"passed","title":"devrait permettre à un utilisateur authentifié de reporter un autre utilisateur"},{"ancestorTitles":["Report Users API"],"duration":12,"failing":false,"failureDetails":[],"failureMessages":[],"fullName":"Report Users API devrait retourner 401 si non authentifié","invocations":1,"location":null,"numPassingAsserts":1,"retryReasons":[],"startAt":1779910192523,"status":"passed","title":"devrait retourner 401 si non authentifié"},{"ancestorTitles":["Report Users API"],"duration":79,"failing":false,"failureDetails":[],"failureMessages":[],"fullName":"Report Users API devrait retourner 400 si champs manquants","invocations":1,"location":null,"numPassingAsserts":1,"retryReasons":[],"startAt":1779910192536,"status":"passed","title":"devrait retourner 400 si champs manquants"}],"endTime":1779910192623,"message":"","name":"F:\\Cours\\ProjetFinal\\radioMonoko-back\\src\\tests\\report\\reportUsers.test.ts","startTime":1779910192045,"status":"passed","summary":""},{"assertionResults":[{"ancestorTitles":["RatingContent Routes with Mocks","GET /ratingContent"],"duration":17,"failing":false,"failureDetails":[],"failureMessages":[],"fullName":"RatingContent Routes with Mocks GET /ratingContent should return all ratings with status 200","invocations":1,"location":null,"numPassingAsserts":3,"retryReasons":[],"startAt":1779910192920,"status":"passed","title":"should return all ratings with status 200"},{"ancestorTitles":["RatingContent Routes with Mocks","GET /ratingContent/content/:contentId/user/:userId"],"duration":6,"failing":false,"failureDetails":[],"failureMessages":[],"fullName":"RatingContent Routes with Mocks GET /ratingContent/content/:contentId/user/:userId should return one rating with status 200","invocations":1,"location":null,"numPassingAsserts":3,"retryReasons":[],"startAt":1779910192938,"status":"passed","title":"should return one rating with status 200"},{"ancestorTitles":["RatingContent Routes with Mocks","GET /ratingContent/content/:contentId/user/:userId"],"duration":5,"failing":false,"failureDetails":[],"failureMessages":[],"fullName":"RatingContent Routes with Mocks GET /ratingContent/content/:contentId/user/:userId should return 404 when rating does not exist","invocations":1,"location":null,"numPassingAsserts":2,"retryReasons":[],"startAt":1779910192944,"status":"passed","title":"should return 404 when rating does not exist"},{"ancestorTitles":["RatingContent Routes with Mocks","POST /ratingContent"],"duration":9,"failing":false,"failureDetails":[],"failureMessages":[],"fullName":"RatingContent Routes with Mocks POST /ratingContent should create a rating and return 201","invocations":1,"location":null,"numPassingAsserts":3,"retryReasons":[],"startAt":1779910192950,"status":"passed","title":"should create a rating and return 201"},{"ancestorTitles":["RatingContent Routes with Mocks","POST /ratingContent"],"duration":6,"failing":false,"failureDetails":[],"failureMessages":[],"fullName":"RatingContent Routes with Mocks POST /ratingContent should return 400 when payload is incomplete","invocations":1,"location":null,"numPassingAsserts":2,"retryReasons":[],"startAt":1779910192960,"status":"passed","title":"should return 400 when payload is incomplete"},{"ancestorTitles":["RatingContent Routes with Mocks","POST /ratingContent"],"duration":6,"failing":false,"failureDetails":[],"failureMessages":[],"fullName":"RatingContent Routes with Mocks POST /ratingContent should return 400 when average_rating is out of range","invocations":1,"location":null,"numPassingAsserts":2,"retryReasons":[],"startAt":1779910192967,"status":"passed","title":"should return 400 when average_rating is out of range"},{"ancestorTitles":["RatingContent Routes with Mocks","PUT /ratingContent/content/:contentId/user/:userId"],"duration":5,"failing":false,"failureDetails":[],"failureMessages":[],"fullName":"RatingContent Routes with Mocks PUT /ratingContent/content/:contentId/user/:userId should update rating and return 200","invocations":1,"location":null,"numPassingAsserts":2,"retryReasons":[],"startAt":1779910192974,"status":"passed","title":"should update rating and return 200"},{"ancestorTitles":["RatingContent Routes with Mocks","PUT /ratingContent/content/:contentId/user/:userId"],"duration":4,"failing":false,"failureDetails":[],"failureMessages":[],"fullName":"RatingContent Routes with Mocks PUT /ratingContent/content/:contentId/user/:userId should return 404 when updating unknown rating","invocations":1,"location":null,"numPassingAsserts":2,"retryReasons":[],"startAt":1779910192980,"status":"passed","title":"should return 404 when updating unknown rating"},{"ancestorTitles":["RatingContent Routes with Mocks","DELETE /ratingContent/content/:contentId/user/:userId"],"duration":5,"failing":false,"failureDetails":[],"failureMessages":[],"fullName":"RatingContent Routes with Mocks DELETE /ratingContent/content/:contentId/user/:userId should delete rating and return 200","invocations":1,"location":null,"numPassingAsserts":2,"retryReasons":[],"startAt":1779910192985,"status":"passed","title":"should delete rating and return 200"},{"ancestorTitles":["RatingContent Routes with Mocks","DELETE /ratingContent/content/:contentId/user/:userId"],"duration":5,"failing":false,"failureDetails":[],"failureMessages":[],"fullName":"RatingContent Routes with Mocks DELETE /ratingContent/content/:contentId/user/:userId should return 404 when deleting unknown rating","invocations":1,"location":null,"numPassingAsserts":2,"retryReasons":[],"startAt":1779910192990,"status":"passed","title":"should return 404 when deleting unknown rating"}],"endTime":1779910192996,"message":"","name":"F:\\Cours\\ProjetFinal\\radioMonoko-back\\src\\tests\\ratingContent\\ratingContent.routes.test.ts","startTime":1779910192645,"status":"passed","summary":""},{"assertionResults":[{"ancestorTitles":["Content Routes with Mocks","GET /content"],"duration":17,"failing":false,"failureDetails":[],"failureMessages":[],"fullName":"Content Routes with Mocks GET /content should return all contents with status 200","invocations":1,"location":null,"numPassingAsserts":3,"retryReasons":[],"startAt":1779910193249,"status":"passed","title":"should return all contents with status 200"},{"ancestorTitles":["Content Routes with Mocks","GET /content/:id"],"duration":4,"failing":false,"failureDetails":[],"failureMessages":[],"fullName":"Content Routes with Mocks GET /content/:id should return one content with status 200","invocations":1,"location":null,"numPassingAsserts":2,"retryReasons":[],"startAt":1779910193267,"status":"passed","title":"should return one content with status 200"},{"ancestorTitles":["Content Routes with Mocks","GET /content/:id"],"duration":4,"failing":false,"failureDetails":[],"failureMessages":[],"fullName":"Content Routes with Mocks GET /content/:id should return 404 when content does not exist","invocations":1,"location":null,"numPassingAsserts":2,"retryReasons":[],"startAt":1779910193272,"status":"passed","title":"should return 404 when content does not exist"},{"ancestorTitles":["Content Routes with Mocks","POST /content"],"duration":7,"failing":false,"failureDetails":[],"failureMessages":[],"fullName":"Content Routes with Mocks POST /content should create a content and return 201","invocations":1,"location":null,"numPassingAsserts":2,"retryReasons":[],"startAt":1779910193277,"status":"passed","title":"should create a content and return 201"},{"ancestorTitles":["Content Routes with Mocks","POST /content"],"duration":5,"failing":false,"failureDetails":[],"failureMessages":[],"fullName":"Content Routes with Mocks POST /content should return 400 when payload is incomplete","invocations":1,"location":null,"numPassingAsserts":2,"retryReasons":[],"startAt":1779910193285,"status":"passed","title":"should return 400 when payload is incomplete"},{"ancestorTitles":["Content Routes with Mocks","PUT /content/:id"],"duration":6,"failing":false,"failureDetails":[],"failureMessages":[],"fullName":"Content Routes with Mocks PUT /content/:id should update content and return 200","invocations":1,"location":null,"numPassingAsserts":2,"retryReasons":[],"startAt":1779910193291,"status":"passed","title":"should update content and return 200"},{"ancestorTitles":["Content Routes with Mocks","PUT /content/:id"],"duration":6,"failing":false,"failureDetails":[],"failureMessages":[],"fullName":"Content Routes with Mocks PUT /content/:id should return 404 when updating unknown content","invocations":1,"location":null,"numPassingAsserts":2,"retryReasons":[],"startAt":1779910193297,"status":"passed","title":"should return 404 when updating unknown content"},{"ancestorTitles":["Content Routes with Mocks","DELETE /content/:id"],"duration":5,"failing":false,"failureDetails":[],"failureMessages":[],"fullName":"Content Routes with Mocks DELETE /content/:id should delete content and return 200","invocations":1,"location":null,"numPassingAsserts":2,"retryReasons":[],"startAt":1779910193303,"status":"passed","title":"should delete content and return 200"},{"ancestorTitles":["Content Routes with Mocks","DELETE /content/:id"],"duration":4,"failing":false,"failureDetails":[],"failureMessages":[],"fullName":"Content Routes with Mocks DELETE /content/:id should return 404 when deleting unknown content","invocations":1,"location":null,"numPassingAsserts":2,"retryReasons":[],"startAt":1779910193309,"status":"passed","title":"should return 404 when deleting unknown content"}],"endTime":1779910193314,"message":"","name":"F:\\Cours\\ProjetFinal\\radioMonoko-back\\src\\tests\\content\\content.routes.test.ts","startTime":1779910193008,"status":"passed","summary":""},{"assertionResults":[{"ancestorTitles":["Review Routes with Mocks","GET /review"],"duration":19,"failing":false,"failureDetails":[],"failureMessages":[],"fullName":"Review Routes with Mocks GET /review should return all reviews with status 200","invocations":1,"location":null,"numPassingAsserts":3,"retryReasons":[],"startAt":1779910193590,"status":"passed","title":"should return all reviews with status 200"},{"ancestorTitles":["Review Routes with Mocks","GET /review/:id"],"duration":5,"failing":false,"failureDetails":[],"failureMessages":[],"fullName":"Review Routes with Mocks GET /review/:id should return one review with status 200","invocations":1,"location":null,"numPassingAsserts":2,"retryReasons":[],"startAt":1779910193610,"status":"passed","title":"should return one review with status 200"},{"ancestorTitles":["Review Routes with Mocks","GET /review/:id"],"duration":4,"failing":false,"failureDetails":[],"failureMessages":[],"fullName":"Review Routes with Mocks GET /review/:id should return 404 when review does not exist","invocations":1,"location":null,"numPassingAsserts":2,"retryReasons":[],"startAt":1779910193616,"status":"passed","title":"should return 404 when review does not exist"},{"ancestorTitles":["Review Routes with Mocks","GET /review/content/:contentId"],"duration":5,"failing":false,"failureDetails":[],"failureMessages":[],"fullName":"Review Routes with Mocks GET /review/content/:contentId should return reviews by content with status 200","invocations":1,"location":null,"numPassingAsserts":2,"retryReasons":[],"startAt":1779910193620,"status":"passed","title":"should return reviews by content with status 200"},{"ancestorTitles":["Review Routes with Mocks","POST /review"],"duration":7,"failing":false,"failureDetails":[],"failureMessages":[],"fullName":"Review Routes with Mocks POST /review should create a review and return 201","invocations":1,"location":null,"numPassingAsserts":2,"retryReasons":[],"startAt":1779910193625,"status":"passed","title":"should create a review and return 201"},{"ancestorTitles":["Review Routes with Mocks","POST /review"],"duration":4,"failing":false,"failureDetails":[],"failureMessages":[],"fullName":"Review Routes with Mocks POST /review should create a root review without parent_review_id and return 201","invocations":1,"location":null,"numPassingAsserts":3,"retryReasons":[],"startAt":1779910193633,"status":"passed","title":"should create a root review without parent_review_id and return 201"},{"ancestorTitles":["Review Routes with Mocks","POST /review"],"duration":4,"failing":false,"failureDetails":[],"failureMessages":[],"fullName":"Review Routes with Mocks POST /review should return 400 when payload is incomplete","invocations":1,"location":null,"numPassingAsserts":2,"retryReasons":[],"startAt":1779910193638,"status":"passed","title":"should return 400 when payload is incomplete"},{"ancestorTitles":["Review Routes with Mocks","PUT /review/:id"],"duration":4,"failing":false,"failureDetails":[],"failureMessages":[],"fullName":"Review Routes with Mocks PUT /review/:id should update review and return 200","invocations":1,"location":null,"numPassingAsserts":2,"retryReasons":[],"startAt":1779910193643,"status":"passed","title":"should update review and return 200"},{"ancestorTitles":["Review Routes with Mocks","PUT /review/:id"],"duration":4,"failing":false,"failureDetails":[],"failureMessages":[],"fullName":"Review Routes with Mocks PUT /review/:id should return 404 when updating unknown review","invocations":1,"location":null,"numPassingAsserts":2,"retryReasons":[],"startAt":1779910193648,"status":"passed","title":"should return 404 when updating unknown review"},{"ancestorTitles":["Review Routes with Mocks","DELETE /review/:id"],"duration":4,"failing":false,"failureDetails":[],"failureMessages":[],"fullName":"Review Routes with Mocks DELETE /review/:id should delete review and return 200","invocations":1,"location":null,"numPassingAsserts":2,"retryReasons":[],"startAt":1779910193653,"status":"passed","title":"should delete review and return 200"},{"ancestorTitles":["Review Routes with Mocks","DELETE /review/:id"],"duration":5,"failing":false,"failureDetails":[],"failureMessages":[],"fullName":"Review Routes with Mocks DELETE /review/:id should return 404 when deleting unknown review","invocations":1,"location":null,"numPassingAsserts":2,"retryReasons":[],"startAt":1779910193657,"status":"passed","title":"should return 404 when deleting unknown review"}],"endTime":1779910193663,"message":"","name":"F:\\Cours\\ProjetFinal\\radioMonoko-back\\src\\tests\\review\\review.routes.test.ts","startTime":1779910193326,"status":"passed","summary":""},{"assertionResults":[{"ancestorTitles":["Collections Routes with Mocks","GET /collections"],"duration":15,"failing":false,"failureDetails":[],"failureMessages":[],"fullName":"Collections Routes with Mocks GET /collections should return all collections with status 200","invocations":1,"location":null,"numPassingAsserts":3,"retryReasons":[],"startAt":1779910193943,"status":"passed","title":"should return all collections with status 200"},{"ancestorTitles":["Collections Routes with Mocks","GET /collections/:id"],"duration":4,"failing":false,"failureDetails":[],"failureMessages":[],"fullName":"Collections Routes with Mocks GET /collections/:id should return one collection with status 200","invocations":1,"location":null,"numPassingAsserts":2,"retryReasons":[],"startAt":1779910193959,"status":"passed","title":"should return one collection with status 200"},{"ancestorTitles":["Collections Routes with Mocks","GET /collections/:id"],"duration":5,"failing":false,"failureDetails":[],"failureMessages":[],"fullName":"Collections Routes with Mocks GET /collections/:id should return 404 when collection does not exist","invocations":1,"location":null,"numPassingAsserts":2,"retryReasons":[],"startAt":1779910193964,"status":"passed","title":"should return 404 when collection does not exist"},{"ancestorTitles":["Collections Routes with Mocks","POST /collections"],"duration":7,"failing":false,"failureDetails":[],"failureMessages":[],"fullName":"Collections Routes with Mocks POST /collections should create a collection and return 201","invocations":1,"location":null,"numPassingAsserts":2,"retryReasons":[],"startAt":1779910193969,"status":"passed","title":"should create a collection and return 201"},{"ancestorTitles":["Collections Routes with Mocks","POST /collections"],"duration":5,"failing":false,"failureDetails":[],"failureMessages":[],"fullName":"Collections Routes with Mocks POST /collections should return 400 when payload is incomplete","invocations":1,"location":null,"numPassingAsserts":2,"retryReasons":[],"startAt":1779910193976,"status":"passed","title":"should return 400 when payload is incomplete"},{"ancestorTitles":["Collections Routes with Mocks","PUT /collections/:id"],"duration":5,"failing":false,"failureDetails":[],"failureMessages":[],"fullName":"Collections Routes with Mocks PUT /collections/:id should update collection and return 200","invocations":1,"location":null,"numPassingAsserts":2,"retryReasons":[],"startAt":1779910193981,"status":"passed","title":"should update collection and return 200"},{"ancestorTitles":["Collections Routes with Mocks","PUT /collections/:id"],"duration":5,"failing":false,"failureDetails":[],"failureMessages":[],"fullName":"Collections Routes with Mocks PUT /collections/:id should return 404 when updating unknown collection","invocations":1,"location":null,"numPassingAsserts":2,"retryReasons":[],"startAt":1779910193986,"status":"passed","title":"should return 404 when updating unknown collection"},{"ancestorTitles":["Collections Routes with Mocks","DELETE /collections/:id"],"duration":5,"failing":false,"failureDetails":[],"failureMessages":[],"fullName":"Collections Routes with Mocks DELETE /collections/:id should delete collection and return 200","invocations":1,"location":null,"numPassingAsserts":2,"retryReasons":[],"startAt":1779910193991,"status":"passed","title":"should delete collection and return 200"},{"ancestorTitles":["Collections Routes with Mocks","DELETE /collections/:id"],"duration":4,"failing":false,"failureDetails":[],"failureMessages":[],"fullName":"Collections Routes with Mocks DELETE /collections/:id should return 404 when deleting unknown collection","invocations":1,"location":null,"numPassingAsserts":2,"retryReasons":[],"startAt":1779910193996,"status":"passed","title":"should return 404 when deleting unknown collection"}],"endTime":1779910194001,"message":"","name":"F:\\Cours\\ProjetFinal\\radioMonoko-back\\src\\tests\\collections\\collections.routes.test.ts","startTime":1779910193674,"status":"passed","summary":""},{"assertionResults":[{"ancestorTitles":["Content Routes with Mocks","GET /content"],"duration":16,"failing":false,"failureDetails":[],"failureMessages":[],"fullName":"Content Routes with Mocks GET /content should return all contents with status 200","invocations":1,"location":null,"numPassingAsserts":3,"retryReasons":[],"startAt":1779910194260,"status":"passed","title":"should return all contents with status 200"},{"ancestorTitles":["Content Routes with Mocks","GET /content/:id"],"duration":5,"failing":false,"failureDetails":[],"failureMessages":[],"fullName":"Content Routes with Mocks GET /content/:id should return one content with status 200","invocations":1,"location":null,"numPassingAsserts":2,"retryReasons":[],"startAt":1779910194277,"status":"passed","title":"should return one content with status 200"},{"ancestorTitles":["Content Routes with Mocks","GET /content/:id"],"duration":5,"failing":false,"failureDetails":[],"failureMessages":[],"fullName":"Content Routes with Mocks GET /content/:id should return 404 when content does not exist","invocations":1,"location":null,"numPassingAsserts":2,"retryReasons":[],"startAt":1779910194283,"status":"passed","title":"should return 404 when content does not exist"},{"ancestorTitles":["Content Routes with Mocks","POST /content"],"duration":8,"failing":false,"failureDetails":[],"failureMessages":[],"fullName":"Content Routes with Mocks POST /content should create a content and return 201","invocations":1,"location":null,"numPassingAsserts":2,"retryReasons":[],"startAt":1779910194288,"status":"passed","title":"should create a content and return 201"},{"ancestorTitles":["Content Routes with Mocks","POST /content"],"duration":5,"failing":false,"failureDetails":[],"failureMessages":[],"fullName":"Content Routes with Mocks POST /content should return 400 when payload is incomplete","invocations":1,"location":null,"numPassingAsserts":2,"retryReasons":[],"startAt":1779910194297,"status":"passed","title":"should return 400 when payload is incomplete"},{"ancestorTitles":["Content Routes with Mocks","PUT /content/:id"],"duration":4,"failing":false,"failureDetails":[],"failureMessages":[],"fullName":"Content Routes with Mocks PUT /content/:id should update content and return 200","invocations":1,"location":null,"numPassingAsserts":2,"retryReasons":[],"startAt":1779910194303,"status":"passed","title":"should update content and return 200"},{"ancestorTitles":["Content Routes with Mocks","PUT /content/:id"],"duration":5,"failing":false,"failureDetails":[],"failureMessages":[],"fullName":"Content Routes with Mocks PUT /content/:id should return 404 when updating unknown content","invocations":1,"location":null,"numPassingAsserts":2,"retryReasons":[],"startAt":1779910194308,"status":"passed","title":"should return 404 when updating unknown content"},{"ancestorTitles":["Content Routes with Mocks","DELETE /content/:id"],"duration":4,"failing":false,"failureDetails":[],"failureMessages":[],"fullName":"Content Routes with Mocks DELETE /content/:id should delete content and return 200","invocations":1,"location":null,"numPassingAsserts":2,"retryReasons":[],"startAt":1779910194313,"status":"passed","title":"should delete content and return 200"},{"ancestorTitles":["Content Routes with Mocks","DELETE /content/:id"],"duration":5,"failing":false,"failureDetails":[],"failureMessages":[],"fullName":"Content Routes with Mocks DELETE /content/:id should return 404 when deleting unknown content","invocations":1,"location":null,"numPassingAsserts":2,"retryReasons":[],"startAt":1779910194318,"status":"passed","title":"should return 404 when deleting unknown content"}],"endTime":1779910194324,"message":"","name":"F:\\Cours\\ProjetFinal\\radioMonoko-back\\src\\tests\\content\\content.test.ts","startTime":1779910194011,"status":"passed","summary":""},{"assertionResults":[{"ancestorTitles":["CollectionItems Routes with Mocks","GET /collectionItems"],"duration":17,"failing":false,"failureDetails":[],"failureMessages":[],"fullName":"CollectionItems Routes with Mocks GET /collectionItems should return all collection items with status 200","invocations":1,"location":null,"numPassingAsserts":3,"retryReasons":[],"startAt":1779910194587,"status":"passed","title":"should return all collection items with status 200"},{"ancestorTitles":["CollectionItems Routes with Mocks","GET /collectionItems/collection/:collectionId"],"duration":6,"failing":false,"failureDetails":[],"failureMessages":[],"fullName":"CollectionItems Routes with Mocks GET /collectionItems/collection/:collectionId should return items for a collection with status 200","invocations":1,"location":null,"numPassingAsserts":2,"retryReasons":[],"startAt":1779910194605,"status":"passed","title":"should return items for a collection with status 200"},{"ancestorTitles":["CollectionItems Routes with Mocks","GET /collectionItems/collection/:collectionId/content/:contentId"],"duration":5,"failing":false,"failureDetails":[],"failureMessages":[],"fullName":"CollectionItems Routes with Mocks GET /collectionItems/collection/:collectionId/content/:contentId should return one collection item with status 200","invocations":1,"location":null,"numPassingAsserts":2,"retryReasons":[],"startAt":1779910194612,"status":"passed","title":"should return one collection item with status 200"},{"ancestorTitles":["CollectionItems Routes with Mocks","GET /collectionItems/collection/:collectionId/content/:contentId"],"duration":5,"failing":false,"failureDetails":[],"failureMessages":[],"fullName":"CollectionItems Routes with Mocks GET /collectionItems/collection/:collectionId/content/:contentId should return 404 when collection item does not exist","invocations":1,"location":null,"numPassingAsserts":2,"retryReasons":[],"startAt":1779910194618,"status":"passed","title":"should return 404 when collection item does not exist"},{"ancestorTitles":["CollectionItems Routes with Mocks","POST /collectionItems"],"duration":7,"failing":false,"failureDetails":[],"failureMessages":[],"fullName":"CollectionItems Routes with Mocks POST /collectionItems should create a collection item and return 201","invocations":1,"location":null,"numPassingAsserts":2,"retryReasons":[],"startAt":1779910194624,"status":"passed","title":"should create a collection item and return 201"},{"ancestorTitles":["CollectionItems Routes with Mocks","POST /collectionItems"],"duration":5,"failing":false,"failureDetails":[],"failureMessages":[],"fullName":"CollectionItems Routes with Mocks POST /collectionItems should return 400 when payload is incomplete","invocations":1,"location":null,"numPassingAsserts":2,"retryReasons":[],"startAt":1779910194632,"status":"passed","title":"should return 400 when payload is incomplete"},{"ancestorTitles":["CollectionItems Routes with Mocks","PUT /collectionItems/collection/:collectionId/content/:contentId"],"duration":5,"failing":false,"failureDetails":[],"failureMessages":[],"fullName":"CollectionItems Routes with Mocks PUT /collectionItems/collection/:collectionId/content/:contentId should update a collection item and return 200","invocations":1,"location":null,"numPassingAsserts":2,"retryReasons":[],"startAt":1779910194638,"status":"passed","title":"should update a collection item and return 200"},{"ancestorTitles":["CollectionItems Routes with Mocks","PUT /collectionItems/collection/:collectionId/content/:contentId"],"duration":4,"failing":false,"failureDetails":[],"failureMessages":[],"fullName":"CollectionItems Routes with Mocks PUT /collectionItems/collection/:collectionId/content/:contentId should return 404 when updating unknown collection item","invocations":1,"location":null,"numPassingAsserts":2,"retryReasons":[],"startAt":1779910194643,"status":"passed","title":"should return 404 when updating unknown collection item"},{"ancestorTitles":["CollectionItems Routes with Mocks","DELETE /collectionItems/collection/:collectionId/content/:contentId"],"duration":4,"failing":false,"failureDetails":[],"failureMessages":[],"fullName":"CollectionItems Routes with Mocks DELETE /collectionItems/collection/:collectionId/content/:contentId should delete a collection item and return 200","invocations":1,"location":null,"numPassingAsserts":2,"retryReasons":[],"startAt":1779910194648,"status":"passed","title":"should delete a collection item and return 200"},{"ancestorTitles":["CollectionItems Routes with Mocks","DELETE /collectionItems/collection/:collectionId/content/:contentId"],"duration":4,"failing":false,"failureDetails":[],"failureMessages":[],"fullName":"CollectionItems Routes with Mocks DELETE /collectionItems/collection/:collectionId/content/:contentId should return 404 when deleting unknown collection item","invocations":1,"location":null,"numPassingAsserts":2,"retryReasons":[],"startAt":1779910194652,"status":"passed","title":"should return 404 when deleting unknown collection item"}],"endTime":1779910194657,"message":"","name":"F:\\Cours\\ProjetFinal\\radioMonoko-back\\src\\tests\\collectionItems\\collectionItems.test.ts","startTime":1779910194335,"status":"passed","summary":""},{"assertionResults":[{"ancestorTitles":["CollectionItems Routes with Mocks","GET /collectionItems"],"duration":14,"failing":false,"failureDetails":[],"failureMessages":[],"fullName":"CollectionItems Routes with Mocks GET /collectionItems should return all collection items with status 200","invocations":1,"location":null,"numPassingAsserts":3,"retryReasons":[],"startAt":1779910194926,"status":"passed","title":"should return all collection items with status 200"},{"ancestorTitles":["CollectionItems Routes with Mocks","GET /collectionItems/collection/:collectionId"],"duration":5,"failing":false,"failureDetails":[],"failureMessages":[],"fullName":"CollectionItems Routes with Mocks GET /collectionItems/collection/:collectionId should return items for a collection with status 200","invocations":1,"location":null,"numPassingAsserts":2,"retryReasons":[],"startAt":1779910194941,"status":"passed","title":"should return items for a collection with status 200"},{"ancestorTitles":["CollectionItems Routes with Mocks","GET /collectionItems/collection/:collectionId/content/:contentId"],"duration":4,"failing":false,"failureDetails":[],"failureMessages":[],"fullName":"CollectionItems Routes with Mocks GET /collectionItems/collection/:collectionId/content/:contentId should return one collection item with status 200","invocations":1,"location":null,"numPassingAsserts":2,"retryReasons":[],"startAt":1779910194946,"status":"passed","title":"should return one collection item with status 200"},{"ancestorTitles":["CollectionItems Routes with Mocks","GET /collectionItems/collection/:collectionId/content/:contentId"],"duration":5,"failing":false,"failureDetails":[],"failureMessages":[],"fullName":"CollectionItems Routes with Mocks GET /collectionItems/collection/:collectionId/content/:contentId should return 404 when collection item does not exist","invocations":1,"location":null,"numPassingAsserts":2,"retryReasons":[],"startAt":1779910194951,"status":"passed","title":"should return 404 when collection item does not exist"},{"ancestorTitles":["CollectionItems Routes with Mocks","POST /collectionItems"],"duration":6,"failing":false,"failureDetails":[],"failureMessages":[],"fullName":"CollectionItems Routes with Mocks POST /collectionItems should create a collection item and return 201","invocations":1,"location":null,"numPassingAsserts":2,"retryReasons":[],"startAt":1779910194956,"status":"passed","title":"should create a collection item and return 201"},{"ancestorTitles":["CollectionItems Routes with Mocks","POST /collectionItems"],"duration":5,"failing":false,"failureDetails":[],"failureMessages":[],"fullName":"CollectionItems Routes with Mocks POST /collectionItems should return 400 when payload is incomplete","invocations":1,"location":null,"numPassingAsserts":2,"retryReasons":[],"startAt":1779910194963,"status":"passed","title":"should return 400 when payload is incomplete"},{"ancestorTitles":["CollectionItems Routes with Mocks","PUT /collectionItems/collection/:collectionId/content/:contentId"],"duration":5,"failing":false,"failureDetails":[],"failureMessages":[],"fullName":"CollectionItems Routes with Mocks PUT /collectionItems/collection/:collectionId/content/:contentId should update a collection item and return 200","invocations":1,"location":null,"numPassingAsserts":2,"retryReasons":[],"startAt":1779910194968,"status":"passed","title":"should update a collection item and return 200"},{"ancestorTitles":["CollectionItems Routes with Mocks","PUT /collectionItems/collection/:collectionId/content/:contentId"],"duration":4,"failing":false,"failureDetails":[],"failureMessages":[],"fullName":"CollectionItems Routes with Mocks PUT /collectionItems/collection/:collectionId/content/:contentId should return 404 when updating unknown collection item","invocations":1,"location":null,"numPassingAsserts":2,"retryReasons":[],"startAt":1779910194974,"status":"passed","title":"should return 404 when updating unknown collection item"},{"ancestorTitles":["CollectionItems Routes with Mocks","DELETE /collectionItems/collection/:collectionId/content/:contentId"],"duration":3,"failing":false,"failureDetails":[],"failureMessages":[],"fullName":"CollectionItems Routes with Mocks DELETE /collectionItems/collection/:collectionId/content/:contentId should delete a collection item and return 200","invocations":1,"location":null,"numPassingAsserts":2,"retryReasons":[],"startAt":1779910194979,"status":"passed","title":"should delete a collection item and return 200"},{"ancestorTitles":["CollectionItems Routes with Mocks","DELETE /collectionItems/collection/:collectionId/content/:contentId"],"duration":4,"failing":false,"failureDetails":[],"failureMessages":[],"fullName":"CollectionItems Routes with Mocks DELETE /collectionItems/collection/:collectionId/content/:contentId should return 404 when deleting unknown collection item","invocations":1,"location":null,"numPassingAsserts":2,"retryReasons":[],"startAt":1779910194983,"status":"passed","title":"should return 404 when deleting unknown collection item"}],"endTime":1779910194988,"message":"","name":"F:\\Cours\\ProjetFinal\\radioMonoko-back\\src\\tests\\collectionItems\\collectionItems.routes.test.ts","startTime":1779910194669,"status":"passed","summary":""},{"assertionResults":[{"ancestorTitles":["User Relation Routes with Mocks","POST /userRelation/follow/:followedId"],"duration":16,"failing":false,"failureDetails":[],"failureMessages":[],"fullName":"User Relation Routes with Mocks POST /userRelation/follow/:followedId should call the follow service method and return 201","invocations":1,"location":null,"numPassingAsserts":1,"retryReasons":[],"startAt":1779910195262,"status":"passed","title":"should call the follow service method and return 201"},{"ancestorTitles":["User Relation Routes with Mocks","DELETE /userRelation/unfollow/:followedId"],"duration":4,"failing":false,"failureDetails":[],"failureMessages":[],"fullName":"User Relation Routes with Mocks DELETE /userRelation/unfollow/:followedId should call the unfollow service method and return 200","invocations":1,"location":null,"numPassingAsserts":1,"retryReasons":[],"startAt":1779910195279,"status":"passed","title":"should call the unfollow service method and return 200"},{"ancestorTitles":["User Relation Routes with Mocks","POST /userRelation/accept/:followerId"],"duration":4,"failing":false,"failureDetails":[],"failureMessages":[],"fullName":"User Relation Routes with Mocks POST /userRelation/accept/:followerId should call the acceptRequest service method and return 200","invocations":1,"location":null,"numPassingAsserts":1,"retryReasons":[],"startAt":1779910195284,"status":"passed","title":"should call the acceptRequest service method and return 200"},{"ancestorTitles":["User Relation Routes with Mocks","POST /userRelation/refuse/:followerId"],"duration":3,"failing":false,"failureDetails":[],"failureMessages":[],"fullName":"User Relation Routes with Mocks POST /userRelation/refuse/:followerId should call the refuseRequest service method and return 200","invocations":1,"location":null,"numPassingAsserts":1,"retryReasons":[],"startAt":1779910195288,"status":"passed","title":"should call the refuseRequest service method and return 200"},{"ancestorTitles":["User Relation Routes with Mocks","POST /userRelation/block/:blockedId"],"duration":4,"failing":false,"failureDetails":[],"failureMessages":[],"fullName":"User Relation Routes with Mocks POST /userRelation/block/:blockedId should call the blockUser service method and return 200","invocations":1,"location":null,"numPassingAsserts":1,"retryReasons":[],"startAt":1779910195292,"status":"passed","title":"should call the blockUser service method and return 200"},{"ancestorTitles":["User Relation Routes with Mocks","GET /userRelation/friends/:userId"],"duration":4,"failing":false,"failureDetails":[],"failureMessages":[],"fullName":"User Relation Routes with Mocks GET /userRelation/friends/:userId should call the getFriends service method and return a list of friends","invocations":1,"location":null,"numPassingAsserts":1,"retryReasons":[],"startAt":1779910195296,"status":"passed","title":"should call the getFriends service method and return a list of friends"},{"ancestorTitles":["User Relation Routes with Mocks","GET /userRelation/pending"],"duration":4,"failing":false,"failureDetails":[],"failureMessages":[],"fullName":"User Relation Routes with Mocks GET /userRelation/pending should call the getPendingRequests service method and return pending requests","invocations":1,"location":null,"numPassingAsserts":1,"retryReasons":[],"startAt":1779910195300,"status":"passed","title":"should call the getPendingRequests service method and return pending requests"}],"endTime":1779910195305,"message":"","name":"F:\\Cours\\ProjetFinal\\radioMonoko-back\\src\\tests\\userRelation\\userRelation.test.ts","startTime":1779910194999,"status":"passed","summary":""},{"assertionResults":[{"ancestorTitles":["Collections Routes with Mocks","GET /collections"],"duration":7,"failing":false,"failureDetails":[],"failureMessages":[],"fullName":"Collections Routes with Mocks GET /collections should return all collections with status 200","invocations":1,"location":null,"numPassingAsserts":3,"retryReasons":[],"startAt":1779910195559,"status":"passed","title":"should return all collections with status 200"},{"ancestorTitles":["Collections Routes with Mocks","GET /collections/:id"],"duration":5,"failing":false,"failureDetails":[],"failureMessages":[],"fullName":"Collections Routes with Mocks GET /collections/:id should return one collection with status 200","invocations":1,"location":null,"numPassingAsserts":2,"retryReasons":[],"startAt":1779910195567,"status":"passed","title":"should return one collection with status 200"},{"ancestorTitles":["Collections Routes with Mocks","GET /collections/:id"],"duration":5,"failing":false,"failureDetails":[],"failureMessages":[],"fullName":"Collections Routes with Mocks GET /collections/:id should return 404 when collection does not exist","invocations":1,"location":null,"numPassingAsserts":2,"retryReasons":[],"startAt":1779910195572,"status":"passed","title":"should return 404 when collection does not exist"},{"ancestorTitles":["Collections Routes with Mocks","POST /collections"],"duration":7,"failing":false,"failureDetails":[],"failureMessages":[],"fullName":"Collections Routes with Mocks POST /collections should create a collection and return 201","invocations":1,"location":null,"numPassingAsserts":2,"retryReasons":[],"startAt":1779910195578,"status":"passed","title":"should create a collection and return 201"},{"ancestorTitles":["Collections Routes with Mocks","POST /collections"],"duration":6,"failing":false,"failureDetails":[],"failureMessages":[],"fullName":"Collections Routes with Mocks POST /collections should return 400 when payload is incomplete","invocations":1,"location":null,"numPassingAsserts":2,"retryReasons":[],"startAt":1779910195586,"status":"passed","title":"should return 400 when payload is incomplete"},{"ancestorTitles":["Collections Routes with Mocks","PUT /collections/:id"],"duration":5,"failing":false,"failureDetails":[],"failureMessages":[],"fullName":"Collections Routes with Mocks PUT /collections/:id should update collection and return 200","invocations":1,"location":null,"numPassingAsserts":2,"retryReasons":[],"startAt":1779910195593,"status":"passed","title":"should update collection and return 200"},{"ancestorTitles":["Collections Routes with Mocks","PUT /collections/:id"],"duration":5,"failing":false,"failureDetails":[],"failureMessages":[],"fullName":"Collections Routes with Mocks PUT /collections/:id should return 404 when updating unknown collection","invocations":1,"location":null,"numPassingAsserts":2,"retryReasons":[],"startAt":1779910195598,"status":"passed","title":"should return 404 when updating unknown collection"},{"ancestorTitles":["Collections Routes with Mocks","DELETE /collections/:id"],"duration":18,"failing":false,"failureDetails":[],"failureMessages":[],"fullName":"Collections Routes with Mocks DELETE /collections/:id should delete collection and return 200","invocations":1,"location":null,"numPassingAsserts":2,"retryReasons":[],"startAt":1779910195604,"status":"passed","title":"should delete collection and return 200"},{"ancestorTitles":["Collections Routes with Mocks","DELETE /collections/:id"],"duration":5,"failing":false,"failureDetails":[],"failureMessages":[],"fullName":"Collections Routes with Mocks DELETE /collections/:id should return 404 when deleting unknown collection","invocations":1,"location":null,"numPassingAsserts":2,"retryReasons":[],"startAt":1779910195622,"status":"passed","title":"should return 404 when deleting unknown collection"}],"endTime":1779910195628,"message":"","name":"F:\\Cours\\ProjetFinal\\radioMonoko-back\\src\\tests\\collections\\collections.test.ts","startTime":1779910195321,"status":"passed","summary":""},{"assertionResults":[{"ancestorTitles":["Auth Routes (Google OAuth)"],"duration":11,"failing":false,"failureDetails":[],"failureMessages":[],"fullName":"Auth Routes (Google OAuth) GET /auth/google should redirect to Google with scope and client_id","invocations":1,"location":null,"numPassingAsserts":4,"retryReasons":[],"startAt":1779910195878,"status":"passed","title":"GET /auth/google should redirect to Google with scope and client_id"},{"ancestorTitles":["Auth Routes (Google OAuth)"],"duration":5,"failing":false,"failureDetails":[],"failureMessages":[],"fullName":"Auth Routes (Google OAuth) GET /auth/google/callback should return a JWT token and user when passport authenticates","invocations":1,"location":null,"numPassingAsserts":4,"retryReasons":[],"startAt":1779910195889,"status":"passed","title":"GET /auth/google/callback should return a JWT token and user when passport authenticates"}],"endTime":1779910195894,"message":"","name":"F:\\Cours\\ProjetFinal\\radioMonoko-back\\src\\tests\\auth\\auth.routes.test.ts","startTime":1779910195639,"status":"passed","summary":""},{"assertionResults":[{"ancestorTitles":["LikeReview routes"],"duration":5,"failing":false,"failureDetails":[],"failureMessages":[],"fullName":"LikeReview routes POST /review/:reviewId/likes should upsert like/dislike","invocations":1,"location":null,"numPassingAsserts":4,"retryReasons":[],"startAt":1779910195954,"status":"passed","title":"POST /review/:reviewId/likes should upsert like/dislike"},{"ancestorTitles":["LikeReview routes"],"duration":2,"failing":false,"failureDetails":[],"failureMessages":[],"fullName":"LikeReview routes GET /review/:reviewId/likes should return likes list","invocations":1,"location":null,"numPassingAsserts":3,"retryReasons":[],"startAt":1779910195959,"status":"passed","title":"GET /review/:reviewId/likes should return likes list"},{"ancestorTitles":["LikeReview routes"],"duration":1,"failing":false,"failureDetails":[],"failureMessages":[],"fullName":"LikeReview routes GET /review/:reviewId/likes/count should return count","invocations":1,"location":null,"numPassingAsserts":2,"retryReasons":[],"startAt":1779910195962,"status":"passed","title":"GET /review/:reviewId/likes/count should return count"},{"ancestorTitles":["LikeReview routes"],"duration":2,"failing":false,"failureDetails":[],"failureMessages":[],"fullName":"LikeReview routes DELETE /review/:reviewId/likes should delete like/dislike","invocations":1,"location":null,"numPassingAsserts":2,"retryReasons":[],"startAt":1779910195964,"status":"passed","title":"DELETE /review/:reviewId/likes should delete like/dislike"},{"ancestorTitles":["LikeReview routes"],"duration":1,"failing":false,"failureDetails":[],"failureMessages":[],"fullName":"LikeReview routes DELETE /review/:reviewId/likes should return 404 when not found","invocations":1,"location":null,"numPassingAsserts":1,"retryReasons":[],"startAt":1779910195966,"status":"passed","title":"DELETE /review/:reviewId/likes should return 404 when not found"}],"endTime":1779910195968,"message":"","name":"F:\\Cours\\ProjetFinal\\radioMonoko-back\\src\\tests\\likeReview\\likeReview.routes.test.ts","startTime":1779910195903,"status":"passed","summary":""}],"wasInterrupted":false}
